# JRE version: OpenJDK Runtime Environment (8.0_112-b06) (build 1.8.0_112-release-b06)
# Java VM: OpenJDK 64-Bit Server VM (25.112-b06 mixed mode windows-amd64 compressed oops)
Heap:
 PSYoungGen      total 143360K, used 30812K [0x00000000eab00000, 0x00000000f7c80000, 0x0000000100000000)
  eden space 115200K, 26% used [0x00000000eab00000,0x00000000ec917340,0x00000000f1b80000)
  from space 28160K, 0% used [0x00000000f4400000,0x00000000f4400000,0x00000000f5f80000)
  to   space 41472K, 0% used [0x00000000f1b80000,0x00000000f1b80000,0x00000000f4400000)
 ParOldGen       total 175104K, used 72911K [0x00000000c0000000, 0x00000000cab00000, 0x00000000eab00000)
  object space 175104K, 41% used [0x00000000c0000000,0x00000000c4733cf8,0x00000000cab00000)
 Metaspace       used 6391K, capacity 7154K, committed 7296K, reserved 1056768K
  class space    used 596K, capacity 618K, committed 640K, reserved 1048576K
GC Heap History (10 events):
Event: 15.597 GC heap before
{Heap before GC invocations=10 (full 3):
 PSYoungGen      total 117248K, used 97280K [0x00000000eab00000, 0x00000000f5200000, 0x0000000100000000)
  eden space 97280K, 100% used [0x00000000eab00000,0x00000000f0a00000,0x00000000f0a00000)
  from space 19968K, 0% used [0x00000000f3e80000,0x00000000f3e80000,0x00000000f5200000)
  to   space 30208K, 74% used [0x00000000f1700000,0x00000000f2ce5038,0x00000000f3480000)
 ParOldGen       total 142336K, used 90612K [0x00000000c0000000, 0x00000000c8b00000, 0x00000000eab00000)
  object space 142336K, 63% used [0x00000000c0000000,0x00000000c587d1d0,0x00000000c8b00000)
 Metaspace       used 6312K, capacity 7090K, committed 7296K, reserved 1056768K
  class space    used 595K, capacity 618K, committed 640K, reserved 1048576K
Event: 15.990 GC heap after
Heap after GC invocations=10 (full 3):
 PSYoungGen      total 117248K, used 0K [0x00000000eab00000, 0x00000000f5200000, 0x0000000100000000)
  eden space 97280K, 0% used [0x00000000eab00000,0x00000000eab00000,0x00000000f0a00000)
  from space 19968K, 0% used [0x00000000f3e80000,0x00000000f3e80000,0x00000000f5200000)
  to   space 30208K, 18% used [0x00000000f1700000,0x00000000f1c64c50,0x00000000f3480000)
 ParOldGen       total 205312K, used 141987K [0x00000000c0000000, 0x00000000cc880000, 0x00000000eab00000)
  object space 205312K, 69% used [0x00000000c0000000,0x00000000c8aa8f78,0x00000000cc880000)
 Metaspace       used 6312K, capacity 7090K, committed 7296K, reserved 1056768K
  class space    used 595K, capacity 618K, committed 640K, reserved 1048576K
}
Event: 17.251 GC heap before
{Heap before GC invocations=11 (full 4):
 PSYoungGen      total 117248K, used 97280K [0x00000000eab00000, 0x00000000f5200000, 0x0000000100000000)
  eden space 97280K, 100% used [0x00000000eab00000,0x00000000f0a00000,0x00000000f0a00000)
  from space 19968K, 0% used [0x00000000f3e80000,0x00000000f3e80000,0x00000000f5200000)
  to   space 30208K, 18% used [0x00000000f1700000,0x00000000f1c64c50,0x00000000f3480000)
 ParOldGen       total 205312K, used 141987K [0x00000000c0000000, 0x00000000cc880000, 0x00000000eab00000)
  object space 205312K, 69% used [0x00000000c0000000,0x00000000c8aa8f78,0x00000000cc880000)
 Metaspace       used 6344K, capacity 7154K, committed 7296K, reserved 1056768K
  class space    used 596K, capacity 618K, committed 640K, reserved 1048576K
Event: 19.765 GC heap after
Heap after GC invocations=11 (full 4):
 PSYoungGen      total 117248K, used 0K [0x00000000eab00000, 0x00000000f5200000, 0x0000000100000000)
  eden space 97280K, 0% used [0x00000000eab00000,0x00000000eab00000,0x00000000f0a00000)
  from space 19968K, 0% used [0x00000000f3e80000,0x00000000f3e80000,0x00000000f5200000)
  to   space 30208K, 0% used [0x00000000f1700000,0x00000000f1700000,0x00000000f3480000)
 ParOldGen       total 205312K, used 187287K [0x00000000c0000000, 0x00000000cc880000, 0x00000000eab00000)
  object space 205312K, 91% used [0x00000000c0000000,0x00000000cb6e5d00,0x00000000cc880000)
 Metaspace       used 6344K, capacity 7154K, committed 7296K, reserved 1056768K
  class space    used 596K, capacity 618K, committed 640K, reserved 1048576K
}
Event: 20.211 GC heap before
{Heap before GC invocations=12 (full 4):
 PSYoungGen      total 117248K, used 97280K [0x00000000eab00000, 0x00000000f5200000, 0x0000000100000000)
  eden space 97280K, 100% used [0x00000000eab00000,0x00000000f0a00000,0x00000000f0a00000)
  from space 19968K, 0% used [0x00000000f3e80000,0x00000000f3e80000,0x00000000f5200000)
  to   space 30208K, 0% used [0x00000000f1700000,0x00000000f1700000,0x00000000f3480000)
 ParOldGen       total 205312K, used 187287K [0x00000000c0000000, 0x00000000cc880000, 0x00000000eab00000)
  object space 205312K, 91% used [0x00000000c0000000,0x00000000cb6e5d00,0x00000000cc880000)
 Metaspace       used 6372K, capacity 7154K, committed 7296K, reserved 1056768K
  class space    used 596K, capacity 618K, committed 640K, reserved 1048576K
Event: 20.244 GC heap after
Heap after GC invocations=12 (full 4):
 PSYoungGen      total 140800K, used 11930K [0x00000000eab00000, 0x00000000f5f80000, 0x0000000100000000)
  eden space 110592K, 0% used [0x00000000eab00000,0x00000000eab00000,0x00000000f1700000)
  from space 30208K, 39% used [0x00000000f1700000,0x00000000f22a6860,0x00000000f3480000)
  to   space 28160K, 0% used [0x00000000f4400000,0x00000000f4400000,0x00000000f5f80000)
 ParOldGen       total 205312K, used 187295K [0x00000000c0000000, 0x00000000cc880000, 0x00000000eab00000)
  object space 205312K, 91% used [0x00000000c0000000,0x00000000cb6e7d00,0x00000000cc880000)
 Metaspace       used 6372K, capacity 7154K, committed 7296K, reserved 1056768K
  class space    used 596K, capacity 618K, committed 640K, reserved 1048576K
}
Event: 20.674 GC heap before
{Heap before GC invocations=13 (full 4):
 PSYoungGen      total 140800K, used 122522K [0x00000000eab00000, 0x00000000f5f80000, 0x0000000100000000)
  eden space 110592K, 100% used [0x00000000eab00000,0x00000000f1700000,0x00000000f1700000)
  from space 30208K, 39% used [0x00000000f1700000,0x00000000f22a6860,0x00000000f3480000)
  to   space 28160K, 0% used [0x00000000f4400000,0x00000000f4400000,0x00000000f5f80000)
 ParOldGen       total 205312K, used 187295K [0x00000000c0000000, 0x00000000cc880000, 0x00000000eab00000)
  object space 205312K, 91% used [0x00000000c0000000,0x00000000cb6e7d00,0x00000000cc880000)
 Metaspace       used 6385K, capacity 7154K, committed 7296K, reserved 1056768K
  class space    used 596K, capacity 618K, committed 640K, reserved 1048576K
Event: 20.746 GC heap after
Heap after GC invocations=13 (full 4):
 PSYoungGen      total 143360K, used 28130K [0x00000000eab00000, 0x00000000f7c80000, 0x0000000100000000)
  eden space 115200K, 0% used [0x00000000eab00000,0x00000000eab00000,0x00000000f1b80000)
  from space 28160K, 99% used [0x00000000f4400000,0x00000000f5f78858,0x00000000f5f80000)
  to   space 41472K, 0% used [0x00000000f1b80000,0x00000000f1b80000,0x00000000f4400000)
 ParOldGen       total 206848K, used 206713K [0x00000000c0000000, 0x00000000cca00000, 0x00000000eab00000)
  object space 206848K, 99% used [0x00000000c0000000,0x00000000cc9de588,0x00000000cca00000)
 Metaspace       used 6385K, capacity 7154K, committed 7296K, reserved 1056768K
  class space    used 596K, capacity 618K, committed 640K, reserved 1048576K
}
Event: 20.746 GC heap before
{Heap before GC invocations=14 (full 5):
 PSYoungGen      total 143360K, used 28130K [0x00000000eab00000, 0x00000000f7c80000, 0x0000000100000000)
  eden space 115200K, 0% used [0x00000000eab00000,0x00000000eab00000,0x00000000f1b80000)
  from space 28160K, 99% used [0x00000000f4400000,0x00000000f5f78858,0x00000000f5f80000)
  to   space 41472K, 0% used [0x00000000f1b80000,0x00000000f1b80000,0x00000000f4400000)
 ParOldGen       total 206848K, used 206713K [0x00000000c0000000, 0x00000000cca00000, 0x00000000eab00000)
  object space 206848K, 99% used [0x00000000c0000000,0x00000000cc9de588,0x00000000cca00000)
 Metaspace       used 6385K, capacity 7154K, committed 7296K, reserved 1056768K
  class space    used 596K, capacity 618K, committed 640K, reserved 1048576K
Event: 21.480 GC heap after
Heap after GC invocations=14 (full 5):
 PSYoungGen      total 143360K, used 0K [0x00000000eab00000, 0x00000000f7c80000, 0x0000000100000000)
  eden space 115200K, 0% used [0x00000000eab00000,0x00000000eab00000,0x00000000f1b80000)
  from space 28160K, 0% used [0x00000000f4400000,0x00000000f4400000,0x00000000f5f80000)
  to   space 41472K, 0% used [0x00000000f1b80000,0x00000000f1b80000,0x00000000f4400000)
 ParOldGen       total 175104K, used 72911K [0x00000000c0000000, 0x00000000cab00000, 0x00000000eab00000)
  object space 175104K, 41% used [0x00000000c0000000,0x00000000c4733cf8,0x00000000cab00000)
 Metaspace       used 6385K, capacity 7154K, committed 7296K, reserved 1056768K
  class space    used 596K, capacity 618K, committed 640K, reserved 1048576K
}

